                         CONTACT MAPS FROM PDB FILES                          
                                                                              
 This software is written by:                                                 
       Rodrigo Azevedo Moreira da Silva                                       
                                                                              
 Copyright (c) 2020 - IPPT-PAN                                                
       Institute of Fundamental Techonological Research                       
       Polish Academy of Sciences                                             
 MIT LICENSE, check out LICENSE for more informations.                        
                                                                              
Reading file:    uploads/6788d212ca9ce/prot0_clean.pdb
pdb natoms:      602
pdb nresidues:   76
Memory usage:     6.21 MB
UNMAPPED ATOM GLY OXT
Fibonacci grid:  610
ALPHA:           1.24
WATER_RADIUS:    2.80

Residue-Residue Contacts

ID       - atom identification
I1,I2    - serial residue id
AA       - 3-letter code of aminoacid
C        - chain
I(PDB)   - residue number in PDB file
DCA      - distance between CA
CMs      - OV , CSU , oCSU , rCSU
           (CSU does not take into account chemical properties of atoms)
rCSU     - net contact from rCSU
Count    - number of contacts between residues
MODEL    - model number

      ID    I1  AA  C I(PDB)     I2  AA  C I(PDB)        DCA       CMs    rCSU   Count Model
============================================================================================
R      1     1  MET A    1        2  GLN A    2       3.8045     1 1 1 0    -8     363    0
R      2     1  MET A    1        3  ILE A    3       6.5762     1 1 1 1    84      84    0
R      3     1  MET A    1       16  GLU A   16       5.5057     1 1 0 0   -13      32    0
R      4     1  MET A    1       17  VAL A   17       5.3638     1 1 1 1   246     297    0
R      5     1  MET A    1       18  GLU A   18       5.8910     0 1 1 1    70      78    0
R      6     1  MET A    1       19  PRO A   19       7.9600     1 1 1 1    66     132    0
R      7     1  MET A    1       56  LEU A   56      11.1189     1 1 1 1     1       1    0
R      8     1  MET A    1       61  ILE A   61      10.2682     1 1 1 0  -118     143    0
R      9     1  MET A    1       62  GLN A   62       8.1000     1 0 0 0     0       0    0
R     10     1  MET A    1       63  LYS A   63       5.3906     1 1 1 1    59     150    0
R     11     2  GLN A    2        1  MET A    1       3.8045     1 1 0 0    -1     350    0
R     12     2  GLN A    2        3  ILE A    3       3.7956     1 1 1 0   -50     414    0
R     13     2  GLN A    2        4  PHE A    4       6.8977     1 1 1 0   -73     107    0
R     14     2  GLN A    2       14  THR A   14       6.6212     1 1 1 0    -7     114    0
R     15     2  GLN A    2       15  LEU A   15       5.6908     1 1 0 0   -18      31    0
R     16     2  GLN A    2       16  GLU A   16       4.6970     0 1 1 0    -4      54    0
R     17     2  GLN A    2       63  LYS A   63       5.7883     1 1 0 0    -8       8    0
R     18     2  GLN A    2       64  GLU A   64       5.5447     1 1 1 1   115     237    0
R     19     3  ILE A    3        1  MET A    1       6.5762     1 1 1 1   130     130    0
R     20     3  ILE A    3        2  GLN A    2       3.7956     1 1 0 0   -39     393    0
R     21     3  ILE A    3        4  PHE A    4       3.8196     1 1 1 0    -3     354    0
R     22     3  ILE A    3       14  THR A   14       5.8173     1 1 0 0     0      18    0
R     23     3  ILE A    3       15  LEU A   15       5.5135     1 1 1 1   210     210    0
R     24     3  ILE A    3       17  VAL A   17       7.2054     1 1 1 1   101     101    0
R     25     3  ILE A    3       56  LEU A   56      10.5630     0 1 1 1     7       7    0
R     26     3  ILE A    3       61  ILE A   61       8.7565     1 1 1 1     9       9    0
R     27     3  ILE A    3       62  GLN A   62       8.1296     0 1 0 0   -22      22    0
R     28     3  ILE A    3       64  GLU A   64       4.6474     1 0 0 0     0       0    0
R     29     3  ILE A    3       65  SER A   65       5.2668     1 1 0 0   -37      45    0
R     30     3  ILE A    3       67  LEU A   67       7.7188     1 1 1 1   165     165    0
R     31     4  PHE A    4        2  GLN A    2       6.8977     1 1 0 0   -89      98    0
R     32     4  PHE A    4        3  ILE A    3       3.8196     1 1 0 0     0     357    0
R     33     4  PHE A    4        5  VAL A    5       3.8170     1 1 1 1    10     351    0
R     34     4  PHE A    4        6  LYS A    6       6.3525     1 0 0 0     0       0    0
R     35     4  PHE A    4       12  THR A   12       6.4011     1 1 1 1    62      62    0
R     36     4  PHE A    4       13  ILE A   13       5.7116     1 1 0 0     0       1    0
R     37     4  PHE A    4       14  THR A   14       4.6201     1 1 1 1   156     156    0
R     38     4  PHE A    4       64  GLU A   64       6.5512     1 1 1 0   -98     194    0
R     39     4  PHE A    4       65  SER A   65       6.2422     1 1 1 1    11      11    0
R     40     4  PHE A    4       66  THR A   66       4.5150     1 1 0 0   -68      68    0
R     41     4  PHE A    4       67  LEU A   67       6.2781     1 1 1 1   135     135    0
R     42     5  VAL A    5        4  PHE A    4       3.8170     1 1 0 0   -11     357    0
R     43     5  VAL A    5        6  LYS A    6       3.8402     1 1 1 0     0     335    0
R     44     5  VAL A    5        7  THR A    7       6.4657     1 0 0 0     0       0    0
R     45     5  VAL A    5       12  THR A   12       5.4638     1 1 0 0     0       3    0
R     46     5  VAL A    5       13  ILE A   13       5.1160     1 1 1 1   192     222    0
R     47     5  VAL A    5       15  LEU A   15       7.5789     1 1 1 1   172     172    0
R     48     5  VAL A    5       30  ILE A   30       8.8078     1 1 1 1    53      53    0
R     49     5  VAL A    5       43  LEU A   43       8.6092     1 1 1 1     6       6    0
R     50     5  VAL A    5       67  LEU A   67       4.8611     1 1 1 1    22      52    0
R     51     5  VAL A    5       69  LEU A   69       6.4406     1 1 1 1   159     159    0
R     52     6  LYS A    6        4  PHE A    4       6.3525     1 0 0 0     0       0    0
R     53     6  LYS A    6        5  VAL A    5       3.8402     1 1 0 0     0     349    0
R     54     6  LYS A    6        7  THR A    7       3.8118     1 1 1 0   -17     400    0
R     55     6  LYS A    6       10  GLY A   10       6.7896     0 1 0 0     0      34    0
R     56     6  LYS A    6       11  LYS A   11       6.1315     1 1 0 0     0       7    0
R     57     6  LYS A    6       12  THR A   12       4.3027     1 1 0 0   -42      66    0
R     58     6  LYS A    6       66  THR A   66       6.7722     1 1 1 1    71      81    0
R     59     6  LYS A    6       67  LEU A   67       6.3024     1 1 1 1     8      14    0
R     60     6  LYS A    6       68  HIS A   68       4.9748     1 1 1 1     4     119    0
R     61     6  LYS A    6       69  LEU A   69       6.0382     1 1 1 1   123     123    0
R     62     7  THR A    7        5  VAL A    5       6.4657     1 0 0 0     0       0    0
R     63     7  THR A    7        6  LYS A    6       3.8118     1 1 0 0   -43     422    0
R     64     7  THR A    7        8  LEU A    8       3.8323     1 1 1 1    25     352    0
R     65     7  THR A    7        9  THR A    9       5.5032     1 1 1 1   124     147    0
R     66     7  THR A    7       10  GLY A   10       5.8105     1 1 1 1    45      46    0
R     67     7  THR A    7       11  LYS A   11       5.5714     1 1 1 1    32     101    0
R     68     7  THR A    7       13  ILE A   13       7.9885     1 1 1 1   115     115    0
R     69     7  THR A    7       36  ILE A   36      11.1809     0 1 1 1    15      21    0
R     70     7  THR A    7       69  LEU A   69       5.0108     1 1 1 1    71     107    0
R     71     8  LEU A    8        6  LYS A    6       6.8523     0 1 0 0   -12      12    0
R     72     8  LEU A    8        7  THR A    7       3.8323     1 1 0 0    -4     371    0
R     73     8  LEU A    8        9  THR A    9       3.8177     1 1 1 1    35     363    0
R     74     8  LEU A    8       10  GLY A   10       5.5730     1 1 1 1    10      13    0
R     75     8  LEU A    8       68  HIS A   68       8.0497     0 1 0 0   -33      33    0
R     76     8  LEU A    8       69  LEU A   69       7.0665     1 1 0 0   -58      58    0
R     77     8  LEU A    8       70  VAL A   70       6.5558     1 1 1 1   164     169    0
R     78     8  LEU A    8       71  LEU A   71       8.3239     0 1 0 0   -14      14    0
R     79     9  THR A    9        7  THR A    7       5.5032     1 1 1 1    58      87    0
R     80     9  THR A    9        8  LEU A    8       3.8177     1 1 1 0    -7     420    0
R     81     9  THR A    9       10  GLY A   10       3.7735     1 1 1 1    16     333    0
R     82     9  THR A    9       11  LYS A   11       5.5713     1 1 1 0   -29      72    0
R     83    10  GLY A   10        6  LYS A    6       6.7896     0 1 0 0     0      47    0
R     84    10  GLY A   10        7  THR A    7       5.8105     1 1 1 1     1      32    0
R     85    10  GLY A   10        8  LEU A    8       5.5730     1 1 1 1     5      24    0
R     86    10  GLY A   10        9  THR A    9       3.7735     1 1 0 0   -41     386    0
R     87    10  GLY A   10       11  LYS A   11       3.7684     1 1 1 1    24     326    0
R     88    10  GLY A   10       12  THR A   12       6.3971     0 1 1 1    30      31    0
R     89    11  LYS A   11        6  LYS A    6       6.1315     1 0 0 0     0       0    0
R     90    11  LYS A   11        7  THR A    7       5.5714     1 1 1 1   111     169    0
R     91    11  LYS A   11        9  THR A    9       5.5713     1 1 0 0   -43      43    0
R     92    11  LYS A   11       10  GLY A   10       3.7684     1 1 0 0   -15     371    0
R     93    11  LYS A   11       12  THR A   12       3.8062     1 1 1 1    52     405    0
R     94    11  LYS A   11       13  ILE A   13       6.5564     0 1 1 1     4      11    0
R     95    11  LYS A   11       34  GLU A   34      10.6705     1 1 1 1    27     211    0
R     96    12  THR A   12        4  PHE A    4       6.4011     1 1 1 1   176     177    0
R     97    12  THR A   12        5  VAL A    5       5.4638     1 1 0 0   -34      38    0
R     98    12  THR A   12        6  LYS A    6       4.3027     1 1 1 0  -100     112    0
R     99    12  THR A   12       10  GLY A   10       6.3971     0 1 1 1    23      25    0
R    100    12  THR A   12       11  LYS A   11       3.8062     1 1 1 0     0     424    0
R    101    12  THR A   12       13  ILE A   13       3.7926     1 1 1 0   -14     374    0
R    102    12  THR A   12       14  THR A   14       6.6674     0 1 1 0   -10      33    0
R    103    12  THR A   12       66  THR A   66       8.9869     0 1 1 1     2       2    0
R    104    13  ILE A   13        4  PHE A    4       5.7116     1 1 0 0     0       3    0
R    105    13  ILE A   13        5  VAL A    5       5.1160     1 1 1 1   124     210    0
R    106    13  ILE A   13        7  THR A    7       7.9885     1 1 1 1    74      74    0
R    107    13  ILE A   13       11  LYS A   11       6.5564     0 1 1 1     3       7    0
R    108    13  ILE A   13       12  THR A   12       3.7926     1 1 0 0    -2     369    0
R    109    13  ILE A   13       14  THR A   14       3.7891     1 1 1 0    -7     369    0
R    110    13  ILE A   13       15  LEU A   15       6.5274     1 1 1 1    56      56    0
R    111    13  ILE A   13       30  ILE A   30       8.3577     1 1 1 1    46      46    0
R    112    13  ILE A   13       33  LYS A   33       8.7336     1 1 1 1   105     105    0
R    113    13  ILE A   13       34  GLU A   34       8.4991     1 1 1 1   131     214    0
R    114    14  THR A   14        2  GLN A    2       6.6212     1 1 1 0    -1      79    0
R    115    14  THR A   14        3  ILE A    3       5.8173     1 1 0 0     0      26    0
R    116    14  THR A   14        4  PHE A    4       4.6201     1 1 1 1   137     137    0
R    117    14  THR A   14       12  THR A   12       6.6674     0 1 1 0   -22      26    0
R    118    14  THR A   14       13  ILE A   13       3.7891     1 1 0 0     0     367    0
R    119    14  THR A   14       15  LEU A   15       3.7967     1 1 1 1    28     347    0
R    120    14  THR A   14       16  GLU A   16       6.9517     0 1 1 1     1       1    0
R    121    14  THR A   14       33  LYS A   33       9.7335     1 1 1 1   141     148    0
R    122    15  LEU A   15        2  GLN A    2       5.6908     1 1 0 0     0      17    0
R    123    15  LEU A   15        3  ILE A    3       5.5135     1 1 1 1   166     166    0
R    124    15  LEU A   15        5  VAL A    5       7.5789     1 1 1 1   139     139    0
R    125    15  LEU A   15       13  ILE A   13       6.5274     1 1 1 1    93      93    0
R    126    15  LEU A   15       14  THR A   14       3.7967     1 1 0 0   -32     380    0
R    127    15  LEU A   15       16  GLU A   16       3.7955     1 1 1 1     1     357    0
R    128    15  LEU A   15       17  VAL A   17       6.2040     1 1 1 1     4       4    0
R    129    15  LEU A   15       26  VAL A   26       8.3928     1 1 1 1    75      75    0
R    130    15  LEU A   15       29  LYS A   29       7.6237     1 1 1 1   116     116    0
R    131    15  LEU A   15       30  ILE A   30       7.8551     1 1 1 1    48      48    0
R    132    15  LEU A   15       33  LYS A   33       8.9574     1 1 1 1    23      26    0
R    133    16  GLU A   16        1  MET A    1       5.5057     1 1 0 0   -34      39    0
R    134    16  GLU A   16        2  GLN A    2       4.6970     0 1 1 0   -36      80    0
R    135    16  GLU A   16       14  THR A   14       6.9517     0 1 1 1     1       2    0
R    136    16  GLU A   16       15  LEU A   15       3.7955     1 1 0 0   -15     376    0
R    137    16  GLU A   16       17  VAL A   17       3.7593     1 1 1 1    13     307    0
R    138    16  GLU A   16       29  LYS A   29       8.9414     1 1 1 1   199     229    0
R    139    17  VAL A   17        1  MET A    1       5.3638     1 1 1 1   167     257    0
R    140    17  VAL A   17        3  ILE A    3       7.2054     1 1 1 1    74      74    0
R    141    17  VAL A   17       15  LEU A   15       6.2040     1 1 1 1    48      48    0
R    142    17  VAL A   17       16  GLU A   16       3.7593     1 1 0 0   -40     397    0
R    143    17  VAL A   17       18  GLU A   18       3.7790     1 1 1 1     1     329    0
R    144    17  VAL A   17       21  ASP A   21       6.7844     1 1 0 0   -17      30    0
R    145    17  VAL A   17       26  VAL A   26       7.5692     1 1 1 1    59      59    0
R    146    17  VAL A   17       29  LYS A   29       9.0288     1 1 1 1   105     105    0
R    147    17  VAL A   17       56  LEU A   56       8.8988     1 1 1 1   106     106    0
R    148    18  GLU A   18        1  MET A    1       5.8910     0 1 1 1    48      58    0
R    149    18  GLU A   18       17  VAL A   17       3.7790     1 1 0 0   -39     403    0
R    150    18  GLU A   18       19  PRO A   19       3.8115     1 1 1 0  -113     421    0
R    151    18  GLU A   18       20  SER A   20       5.2398     1 1 1 0   -84      88    0
R    152    18  GLU A   18       21  ASP A   21       5.4680     1 1 1 1    49     172    0
R    153    18  GLU A   18       56  LEU A   56       7.6541     1 1 0 0   -13      13    0
R    154    19  PRO A   19        1  MET A    1       7.9600     1 1 1 1     8     116    0
R    155    19  PRO A   19       18  GLU A   18       3.8115     1 1 1 0   -37     443    0
R    156    19  PRO A   19       20  SER A   20       3.7952     1 1 1 1    11     345    0
R    157    19  PRO A   19       21  ASP A   21       5.4328     1 0 0 0     0       0    0
R    158    19  PRO A   19       55  THR A   55       6.5226     1 0 0 0     0       0    0
R    159    19  PRO A   19       56  LEU A   56       4.7605     1 1 1 1    61      61    0
R    160    19  PRO A   19       57  SER A   57       4.7381     1 1 1 1   138     240    0
R    161    19  PRO A   19       61  ILE A   61       7.1754     0 1 0 0   -10      10    0
R    162    19  PRO A   19       62  GLN A   62       7.5983     0 1 0 0     0       5    0
R    163    20  SER A   20       18  GLU A   18       5.2398     1 1 0 0  -120     120    0
R    164    20  SER A   20       19  PRO A   19       3.7952     1 1 0 0   -67     369    0
R    165    20  SER A   20       21  ASP A   21       3.7962     1 1 1 1    19     361    0
R    166    20  SER A   20       22  THR A   22       6.4743     1 1 1 0   -11      23    0
R    167    20  SER A   20       55  THR A   55       5.5431     1 1 0 0   -69      98    0
R    168    20  SER A   20       57  SER A   57       6.1071     0 1 0 0     0      13    0
R    169    21  ASP A   21       17  VAL A   17       6.7844     1 1 0 0     0      39    0
R    170    21  ASP A   21       18  GLU A   18       5.4680     1 1 1 1    62     207    0
R    171    21  ASP A   21       19  PRO A   19       5.4328     1 0 0 0     0       0    0
R    172    21  ASP A   21       20  SER A   20       3.7962     1 1 1 0   -21     378    0
R    173    21  ASP A   21       22  THR A   22       3.7684     1 1 1 0    -5     372    0
R    174    21  ASP A   21       25  ASN A   25       6.2177     1 1 1 1    68     153    0
R    175    21  ASP A   21       26  VAL A   26       7.0340     1 0 0 0     0       0    0
R    176    21  ASP A   21       29  LYS A   29      10.6578     0 1 0 0     0      10    0
R    177    21  ASP A   21       55  THR A   55       5.2107     1 1 0 0     0       3    0
R    178    21  ASP A   21       56  LEU A   56       6.1193     1 1 1 1   158     158    0
R    179    22  THR A   22       20  SER A   20       6.4743     1 1 0 0   -14      14    0
R    180    22  THR A   22       21  ASP A   21       3.7684     1 1 0 0     0     365    0
R    181    22  THR A   22       23  ILE A   23       3.7939     1 1 1 1    21     378    0
R    182    22  THR A   22       24  GLU A   24       5.2923     1 1 1 0   -24      50    0
R    183    22  THR A   22       25  ASN A   25       5.1809     1 1 1 1   122     176    0
R    184    22  THR A   22       26  VAL A   26       6.5319     1 1 1 1    40      56    0
R    185    22  THR A   22       52  ASP A   52       6.4895     1 1 0 0    -1      34    0
R    186    22  THR A   22       53  GLY A   53       5.9269     0 1 0 0   -40      47    0
R    187    22  THR A   22       54  ARG A   54       5.4208     1 1 0 0   -26      49    0
R    188    22  THR A   22       55  THR A   55       3.9319     1 1 1 1    61      61    0
R    189    23  ILE A   23       22  THR A   22       3.7939     1 1 0 0     0     337    0
R    190    23  ILE A   23       24  GLU A   24       3.8294     1 1 1 1    13     356    0
R    191    23  ILE A   23       25  ASN A   25       5.3175     1 0 0 0     0       0    0
R    192    23  ILE A   23       26  VAL A   26       5.0253     1 1 0 0     0       1    0
R    193    23  ILE A   23       27  LYS A   27       6.2768     1 1 1 1   114     178    0
R    194    23  ILE A   23       43  LEU A   43       8.5382     1 1 1 1    22      22    0
R    195    23  ILE A   23       50  LEU A   50       6.8122     1 1 1 1   100     100    0
R    196    23  ILE A   23       51  GLU A   51       6.3191     1 1 0 0  -121     130    0
R    197    23  ILE A   23       52  ASP A   52       4.4809     1 1 0 0   -74      74    0
R    198    23  ILE A   23       54  ARG A   54       6.0204     1 1 1 0   -13      52    0
R    199    23  ILE A   23       56  LEU A   56       6.6935     1 1 1 1   151     151    0
R    200    23  ILE A   23       59  TYR A   59      10.2644     1 1 1 1    23      23    0
R    201    24  GLU A   24       22  THR A   22       5.2923     1 1 1 1    25      55    0
R    202    24  GLU A   24       23  ILE A   23       3.8294     1 1 0 0   -16     348    0
R    203    24  GLU A   24       25  ASN A   25       3.8148     1 1 1 1    11     328    0
R    204    24  GLU A   24       26  VAL A   26       5.5110     1 0 0 0     0       0    0
R    205    24  GLU A   24       27  LYS A   27       5.1987     1 1 1 0     0      12    0
R    206    24  GLU A   24       28  ALA A   28       6.3752     1 1 1 1   140     154    0
R    207    24  GLU A   24       52  ASP A   52       4.5434     1 1 1 0   -88     187    0
R    208    25  ASN A   25       21  ASP A   21       6.2177     1 1 1 1    33     194    0
R    209    25  ASN A   25       22  THR A   22       5.1809     1 1 1 0   -89      93    0
R    210    25  ASN A   25       23  ILE A   23       5.3175     1 0 0 0     0       0    0
R    211    25  ASN A   25       24  GLU A   24       3.8148     1 1 1 0   -17     360    0
R    212    25  ASN A   25       26  VAL A   26       3.7777     1 1 1 1     5     359    0
R    213    25  ASN A   25       27  LYS A   27       5.3551     1 0 0 0     0       0    0
R    214    25  ASN A   25       28  ALA A   28       5.0161     1 1 0 0   -31      41    0
R    215    25  ASN A   25       29  LYS A   29       6.3352     1 1 1 1    84     243    0
R    216    26  VAL A   26       15  LEU A   15       8.3928     1 1 1 1    98      98    0
R    217    26  VAL A   26       17  VAL A   17       7.5692     1 1 1 1    32      32    0
R    218    26  VAL A   26       21  ASP A   21       7.0340     1 1 1 1     2       2    0
R    219    26  VAL A   26       22  THR A   22       6.5319     1 1 0 0   -62      62    0
R    220    26  VAL A   26       23  ILE A   23       5.0253     1 1 0 0   -24      27    0
R    221    26  VAL A   26       24  GLU A   24       5.5110     1 0 0 0     0       0    0
R    222    26  VAL A   26       25  ASN A   25       3.7777     1 1 0 0    -9     339    0
R    223    26  VAL A   26       27  LYS A   27       3.8053     1 1 1 0    -7     367    0
R    224    26  VAL A   26       28  ALA A   28       5.3789     1 0 0 0     0       0    0
R    225    26  VAL A   26       29  LYS A   29       5.1094     1 1 0 0    -1      18    0
R    226    26  VAL A   26       30  ILE A   30       6.3476     1 1 1 1   122     122    0
R    227    26  VAL A   26       43  LEU A   43       9.5286     1 1 1 1    95      95    0
R    228    26  VAL A   26       56  LEU A   56       8.8849     1 1 1 1   157     157    0
R    229    26  VAL A   26       67  LEU A   67      10.8030     0 1 1 1    18      18    0
R    230    27  LYS A   27       23  ILE A   23       6.2768     1 1 1 0   -10      83    0
R    231    27  LYS A   27       24  GLU A   24       5.1987     1 1 0 0   -32      32    0
R    232    27  LYS A   27       25  ASN A   25       5.3551     1 0 0 0     0       0    0
R    233    27  LYS A   27       26  VAL A   26       3.8053     1 1 0 0   -17     352    0
R    234    27  LYS A   27       28  ALA A   28       3.8186     1 1 1 1     8     320    0
R    235    27  LYS A   27       29  LYS A   29       5.4458     1 0 0 0     0       0    0
R    236    27  LYS A   27       30  ILE A   30       5.0699     1 0 0 0     0       0    0
R    237    27  LYS A   27       31  GLN A   31       6.2331     1 1 1 1   134     136    0
R    238    27  LYS A   27       38  PRO A   38       5.4153     1 1 1 0   -11      89    0
R    239    27  LYS A   27       41  GLN A   41       7.1383     1 1 1 1    85     232    0
R    240    27  LYS A   27       43  LEU A   43       8.5006     1 1 1 1    16      50    0
R    241    27  LYS A   27       50  LEU A   50      10.4672     0 1 1 1    30      30    0
R    242    27  LYS A   27       52  ASP A   52       8.3956     1 1 1 1    58     171    0
R    243    27  LYS A   27       72  ARG A   72      13.4302     0 1 0 0   -32      32    0
R    244    28  ALA A   28       24  GLU A   24       6.3752     1 1 1 0   -18      66    0
R    245    28  ALA A   28       25  ASN A   25       5.0161     1 1 0 0   -58      76    0
R    246    28  ALA A   28       26  VAL A   26       5.3789     1 0 0 0     0       0    0
R    247    28  ALA A   28       27  LYS A   27       3.8186     1 1 0 0   -20     356    0
R    248    28  ALA A   28       29  LYS A   29       3.8372     1 1 1 1    11     323    0
R    249    28  ALA A   28       30  ILE A   30       5.3766     1 0 0 0     0       0    0
R    250    28  ALA A   28       31  GLN A   31       4.9764     1 1 0 0   -29      52    0
R    251    28  ALA A   28       32  ASP A   32       6.0979     1 1 1 1   129     171    0
R    252    28  ALA A   28       38  PRO A   38       6.4196     1 1 1 1    10      16    0
R    253    29  LYS A   29       15  LEU A   15       7.6237     1 1 1 1    39      41    0
R    254    29  LYS A   29       16  GLU A   16       8.9414     1 1 1 1   101     159    0
R    255    29  LYS A   29       17  VAL A   17       9.0288     1 1 1 1    74      76    0
R    256    29  LYS A   29       21  ASP A   21      10.6578     0 1 0 0     0      25    0
R    257    29  LYS A   29       25  ASN A   25       6.3352     1 1 1 0   -64     191    0
R    258    29  LYS A   29       26  VAL A   26       5.1094     1 1 0 0   -11      11    0
R    259    29  LYS A   29       27  LYS A   27       5.4458     1 0 0 0     0       0    0
R    260    29  LYS A   29       28  ALA A   28       3.8372     1 1 1 0   -10     345    0
R    261    29  LYS A   29       30  ILE A   30       3.8160     1 1 1 1     2     337    0
R    262    29  LYS A   29       31  GLN A   31       5.4246     1 0 0 0     0       0    0
R    263    29  LYS A   29       32  ASP A   32       4.9960     1 1 1 1     6      31    0
R    264    29  LYS A   29       33  LYS A   33       6.2381     1 1 1 1   119     163    0
R    265    30  ILE A   30        5  VAL A    5       8.8078     1 1 1 1    50      50    0
R    266    30  ILE A   30       13  ILE A   13       8.3577     1 1 1 1    33      33    0
R    267    30  ILE A   30       15  LEU A   15       7.8551     1 1 1 1    66      66    0
R    268    30  ILE A   30       26  VAL A   26       6.3476     1 1 1 0   -32      56    0
R    269    30  ILE A   30       27  LYS A   27       5.0699     1 1 0 0   -13      13    0
R    270    30  ILE A   30       28  ALA A   28       5.3766     1 0 0 0     0       0    0
R    271    30  ILE A   30       29  LYS A   29       3.8160     1 1 0 0   -10     350    0
R    272    30  ILE A   30       31  GLN A   31       3.8317     1 1 1 1     9     361    0
R    273    30  ILE A   30       32  ASP A   32       5.4017     1 0 0 0     0       0    0
R    274    30  ILE A   30       33  LYS A   33       5.1948     1 1 0 0     0      14    0
R    275    30  ILE A   30       34  GLU A   34       5.8114     1 1 1 1   118     118    0
R    276    30  ILE A   30       35  GLY A   35       6.9563     1 1 1 1     1       1    0
R    277    30  ILE A   30       36  ILE A   36       6.7654     1 1 1 1    95      95    0
R    278    30  ILE A   30       41  GLN A   41       9.0553     1 1 0 0  -136     141    0
R    279    30  ILE A   30       43  LEU A   43      10.8269     1 1 1 1   128     128    0
R    280    30  ILE A   30       69  LEU A   69       9.9523     1 1 1 1     7       7    0
R    281    31  GLN A   31       27  LYS A   27       6.2331     1 1 1 0    -1      33    0
R    282    31  GLN A   31       28  ALA A   28       4.9764     1 1 0 0   -48      57    0
R    283    31  GLN A   31       29  LYS A   29       5.4246     1 0 0 0     0       0    0
R    284    31  GLN A   31       30  ILE A   30       3.8317     1 1 0 0   -23     358    0
R    285    31  GLN A   31       32  ASP A   32       3.7935     1 1 1 0     0     341    0
R    286    31  GLN A   31       33  LYS A   33       5.4979     1 0 0 0     0       0    0
R    287    31  GLN A   31       34  GLU A   34       5.4696     1 0 0 0     0       0    0
R    288    31  GLN A   31       35  GLY A   35       4.3075     1 1 1 1   138     182    0
R    289    31  GLN A   31       36  ILE A   36       4.6704     1 1 0 0   -43      82    0
R    290    31  GLN A   31       37  PRO A   37       5.6124     1 1 0 0   -68      71    0
R    291    31  GLN A   31       38  PRO A   38       6.4527     1 1 1 0  -156     158    0
R    292    31  GLN A   31       41  GLN A   41       9.2123     1 0 0 0     0       0    0
R    293    32  ASP A   32       28  ALA A   28       6.0979     1 1 1 0   -56      77    0
R    294    32  ASP A   32       29  LYS A   29       4.9960     1 1 1 0   -16      39    0
R    295    32  ASP A   32       30  ILE A   30       5.4017     1 0 0 0     0       0    0
R    296    32  ASP A   32       31  GLN A   31       3.7935     1 1 0 0   -54     395    0
R    297    32  ASP A   32       33  LYS A   33       3.8038     1 1 1 0     0     363    0
R    298    32  ASP A   32       34  GLU A   34       6.0611     1 1 1 1     1       1    0
R    299    32  ASP A   32       35  GLY A   35       5.7253     0 1 1 1     4       6    0
R    300    33  LYS A   33       13  ILE A   13       8.7336     1 1 1 1   165     169    0
R    301    33  LYS A   33       14  THR A   14       9.7335     1 1 1 1   107     160    0
R    302    33  LYS A   33       15  LEU A   15       8.9574     1 1 0 0     0      26    0
R    303    33  LYS A   33       29  LYS A   29       6.2381     1 1 1 0   -28      53    0
R    304    33  LYS A   33       30  ILE A   30       5.1948     1 0 0 0     0       0    0
R    305    33  LYS A   33       31  GLN A   31       5.4979     1 0 0 0     0       0    0
R    306    33  LYS A   33       32  ASP A   32       3.8038     1 1 1 0   -42     411    0
R    307    33  LYS A   33       34  GLU A   34       3.8204     1 1 1 0   -24     372    0
R    308    33  LYS A   33       35  GLY A   35       5.9229     1 0 0 0     0       0    0
R    309    34  GLU A   34       11  LYS A   11      10.6705     1 1 1 1   103     268    0
R    310    34  GLU A   34       13  ILE A   13       8.4991     1 1 1 1    97     163    0
R    311    34  GLU A   34       30  ILE A   30       5.8114     1 1 1 0   -15      33    0
R    312    34  GLU A   34       31  GLN A   31       5.4696     1 0 0 0     0       0    0
R    313    34  GLU A   34       32  ASP A   32       6.0611     1 0 0 0     0       0    0
R    314    34  GLU A   34       33  LYS A   33       3.8204     1 1 1 0   -68     420    0
R    315    34  GLU A   34       35  GLY A   35       3.7844     1 1 1 1     1     344    0
R    316    34  GLU A   34       36  ILE A   36       5.7633     1 1 1 1    33      93    0
R    317    35  GLY A   35       30  ILE A   30       6.9563     1 0 0 0     0       0    0
R    318    35  GLY A   35       31  GLN A   31       4.3075     1 1 1 1    12     106    0
R    319    35  GLY A   35       32  ASP A   32       5.7253     0 1 0 0     0       4    0
R    320    35  GLY A   35       33  LYS A   33       5.9229     1 1 1 1     2       3    0
R    321    35  GLY A   35       34  GLU A   34       3.7844     1 1 0 0   -34     382    0
R    322    35  GLY A   35       36  ILE A   36       3.7776     1 1 1 1    23     340    0
R    323    35  GLY A   35       37  PRO A   37       6.3099     1 1 0 0   -73      75    0
R    324    36  ILE A   36        7  THR A    7      11.1809     0 1 1 1    21      23    0
R    325    36  ILE A   36       30  ILE A   30       6.7654     1 1 1 1     1       1    0
R    326    36  ILE A   36       31  GLN A   31       4.6704     1 1 0 0   -37      37    0
R    327    36  ILE A   36       34  GLU A   34       5.7633     1 1 1 1    45     117    0
R    328    36  ILE A   36       35  GLY A   35       3.7776     1 1 0 0   -22     362    0
R    329    36  ILE A   36       37  PRO A   37       3.8293     1 1 1 0   -41     422    0
R    330    36  ILE A   36       38  PRO A   38       6.3320     1 0 0 0     0       0    0
R    331    36  ILE A   36       40  GLN A   40       6.9993     1 1 0 0    -1       1    0
R    332    36  ILE A   36       41  GLN A   41       7.3418     1 1 1 1   177     195    0
R    333    36  ILE A   36       69  LEU A   69      10.5170     1 1 1 1   130     130    0
R    334    36  ILE A   36       71  LEU A   71       8.7021     1 1 1 1   128     128    0
R    335    37  PRO A   37       31  GLN A   31       5.6124     1 1 0 0   -35      35    0
R    336    37  PRO A   37       35  GLY A   35       6.3099     1 1 0 0   -43      43    0
R    337    37  PRO A   37       36  ILE A   36       3.8293     1 1 1 0    -4     373    0
R    338    37  PRO A   37       38  PRO A   38       3.8126     1 1 1 0   -17     423    0
R    339    37  PRO A   37       39  ASP A   39       5.4584     1 1 1 0   -22      30    0
R    340    37  PRO A   37       40  GLN A   40       5.6217     1 1 1 0   -10     242    0
R    341    37  PRO A   37       41  GLN A   41       6.9817     1 1 0 0   -26      26    0
R    342    38  PRO A   38       24  GLU A   24       7.8709     0 1 0 0    -7       7    0
R    343    38  PRO A   38       27  LYS A   27       5.4153     1 1 1 0    -1     165    0
R    344    38  PRO A   38       28  ALA A   28       6.4196     1 1 1 0    -3      24    0
R    345    38  PRO A   38       31  GLN A   31       6.4527     1 1 0 0  -126     129    0
R    346    38  PRO A   38       36  ILE A   36       6.3320     1 0 0 0     0       0    0
R    347    38  PRO A   38       37  PRO A   37       3.8126     1 1 1 1    55     369    0
R    348    38  PRO A   38       39  ASP A   39       3.8142     1 1 1 1    17     368    0
R    349    38  PRO A   38       40  GLN A   40       5.3724     1 1 1 1    13      13    0
R    350    38  PRO A   38       41  GLN A   41       5.2248     1 1 1 0   -25     138    0
R    351    39  ASP A   39       37  PRO A   37       5.4584     1 1 1 1     8      18    0
R    352    39  ASP A   39       38  PRO A   38       3.8142     1 1 1 0   -52     377    0
R    353    39  ASP A   39       40  GLN A   40       3.8117     1 1 1 0   -42     419    0
R    354    39  ASP A   39       41  GLN A   41       5.6170     1 0 0 0     0       0    0
R    355    39  ASP A   39       72  ARG A   72       7.9257     1 1 1 1   128     157    0
R    356    39  ASP A   39       74  ARG A   74       8.9005     0 1 1 1   137     206    0
R    357    40  GLN A   40       36  ILE A   36       6.9993     1 1 1 0   -14      34    0
R    358    40  GLN A   40       37  PRO A   37       5.6217     1 1 1 0  -184     189    0
R    359    40  GLN A   40       38  PRO A   38       5.3724     1 0 0 0     0       0    0
R    360    40  GLN A   40       39  ASP A   39       3.8117     1 1 0 0   -88     445    0
R    361    40  GLN A   40       41  GLN A   41       3.8202     1 1 1 1    17     314    0
R    362    40  GLN A   40       42  ARG A   42       6.7324     1 0 0 0     0       0    0
R    363    40  GLN A   40       71  LEU A   71       5.2603     1 1 0 0    -9      18    0
R    364    40  GLN A   40       72  ARG A   72       4.8182     1 1 1 1   124     218    0
R    365    40  GLN A   40       73  LEU A   73       5.6168     1 1 0 0  -145     156    0
R    366    40  GLN A   40       74  ARG A   74       7.5697     0 1 1 1    10      10    0
R    367    41  GLN A   41       27  LYS A   27       7.1383     1 1 1 1    68     266    0
R    368    41  GLN A   41       30  ILE A   30       9.0553     1 1 0 0  -116     120    0
R    369    41  GLN A   41       31  GLN A   31       9.2123     1 0 0 0     0       0    0
R    370    41  GLN A   41       36  ILE A   36       7.3418     1 1 1 1   187     187    0
R    371    41  GLN A   41       37  PRO A   37       6.9817     1 1 0 0   -30      30    0
R    372    41  GLN A   41       38  PRO A   38       5.2248     1 1 0 0   -31      33    0
R    373    41  GLN A   41       39  ASP A   39       5.6170     1 0 0 0     0       0    0
R    374    41  GLN A   41       40  GLN A   40       3.8202     1 1 0 0   -20     355    0
R    375    41  GLN A   41       42  ARG A   42       3.8110     1 1 1 1    15     351    0
R    376    41  GLN A   41       69  LEU A   69       6.4852     1 1 1 1    28      38    0
R    377    41  GLN A   41       70  VAL A   70       6.2567     1 0 0 0     0       0    0
R    378    41  GLN A   41       71  LEU A   71       5.0513     1 0 0 0     0       0    0
R    379    41  GLN A   41       72  ARG A   72       6.3617     1 1 1 1    96      96    0
R    380    42  ARG A   42       40  GLN A   40       6.7324     1 0 0 0     0       0    0
R    381    42  ARG A   42       41  GLN A   41       3.8110     1 1 0 0    -6     359    0
R    382    42  ARG A   42       43  LEU A   43       3.8439     1 1 1 1    20     329    0
R    383    42  ARG A   42       44  ILE A   44       6.6109     1 1 1 0   -98     112    0
R    384    42  ARG A   42       49  GLN A   49       6.8505     1 1 0 0  -115     158    0
R    385    42  ARG A   42       68  HIS A   68       8.1211     1 1 0 0    -2       2    0
R    386    42  ARG A   42       69  LEU A   69       5.6683     1 1 0 0     0       3    0
R    387    42  ARG A   42       70  VAL A   70       5.1075     1 1 1 0   -17     364    0
R    388    42  ARG A   42       72  ARG A   72       6.8859     1 1 0 0   -33      81    0
R    389    43  LEU A   43        5  VAL A    5       8.6092     1 1 1 1    28      28    0
R    390    43  LEU A   43       23  ILE A   23       8.5382     1 1 1 1    30      30    0
R    391    43  LEU A   43       26  VAL A   26       9.5286     1 1 1 1    85      85    0
R    392    43  LEU A   43       27  LYS A   27       8.5006     1 1 1 1   138     163    0
R    393    43  LEU A   43       30  ILE A   30      10.8269     1 1 1 1    57      57    0
R    394    43  LEU A   43       41  GLN A   41       6.3137     0 1 1 1     4       4    0
R    395    43  LEU A   43       42  ARG A   42       3.8439     1 1 0 0     0     342    0
R    396    43  LEU A   43       44  ILE A   44       3.8078     1 1 1 1     9     314    0
R    397    43  LEU A   43       49  GLN A   49       5.7366     1 1 0 0    -6       6    0
R    398    43  LEU A   43       50  LEU A   50       5.5221     1 1 1 1   225     225    0
R    399    43  LEU A   43       67  LEU A   67       6.4393     1 1 1 1    30      30    0
R    400    43  LEU A   43       68  HIS A   68       5.7009     1 1 0 0   -30      30    0
R    401    43  LEU A   43       69  LEU A   69       4.8107     1 1 1 1   113     113    0
R    402    44  ILE A   44       42  ARG A   42       6.6109     1 1 1 0  -103     142    0
R    403    44  ILE A   44       43  LEU A   43       3.8078     1 1 0 0   -51     410    0
R    404    44  ILE A   44       45  PHE A   45       3.8215     1 1 1 0    -2     362    0
R    405    44  ILE A   44       46  ALA A   46       6.7995     0 1 0 0    -1       1    0
R    406    44  ILE A   44       47  GLY A   47       6.0754     1 1 0 0    -4     101    0
R    407    44  ILE A   44       48  LYS A   48       5.5665     1 1 0 0   -22      22    0
R    408    44  ILE A   44       49  GLN A   49       4.6354     1 1 1 1    51     131    0
R    409    44  ILE A   44       50  LEU A   50       5.9578     1 0 0 0     0       0    0
R    410    44  ILE A   44       67  LEU A   67       5.6099     1 1 0 0     0       2    0
R    411    44  ILE A   44       68  HIS A   68       4.9535     1 1 1 1   202     280    0
R    412    44  ILE A   44       70  VAL A   70       7.7827     1 1 1 1    32      32    0
R    413    45  PHE A   45       44  ILE A   44       3.8215     1 1 0 0    -6     367    0
R    414    45  PHE A   45       46  ALA A   46       3.7922     1 1 1 1    71     482    0
R    415    45  PHE A   45       47  GLY A   47       5.3035     1 0 0 0     0       0    0
R    416    45  PHE A   45       48  LYS A   48       5.4744     1 1 1 1    40      98    0
R    417    45  PHE A   45       50  LEU A   50       7.1214     1 1 1 1    58      58    0
R    418    45  PHE A   45       59  TYR A   59       8.2125     1 1 1 0   -72      78    0
R    419    45  PHE A   45       60  ASN A   60       9.7820     0 1 1 0   -16      20    0
R    420    45  PHE A   45       61  ILE A   61       8.1288     1 1 1 1   126     134    0
R    421    45  PHE A   45       65  SER A   65       8.6743     1 1 0 0   -43     151    0
R    422    45  PHE A   45       66  THR A   66       7.3796     1 1 0 0   -80      81    0
R    423    45  PHE A   45       67  LEU A   67       5.0877     1 1 1 1    28      28    0
R    424    46  ALA A   46       44  ILE A   44       6.7995     0 1 0 0    -2       2    0
R    425    46  ALA A   46       45  PHE A   45       3.7922     1 1 1 1    82     477    0
R    426    46  ALA A   46       47  GLY A   47       3.7732     1 1 1 1    16     346    0
R    427    46  ALA A   46       48  LYS A   48       5.6182     1 1 1 1    27     125    0
R    428    46  ALA A   46       68  HIS A   68       9.3134     0 1 0 0   -16      16    0
R    429    47  GLY A   47       44  ILE A   44       6.0754     1 1 0 0   -11      69    0
R    430    47  GLY A   47       45  PHE A   45       5.3035     1 1 0 0     0       2    0
R    431    47  GLY A   47       46  ALA A   46       3.7732     1 1 0 0   -27     372    0
R    432    47  GLY A   47       48  LYS A   48       3.8017     1 1 1 1    10     335    0
R    433    47  GLY A   47       49  GLN A   49       6.7462     0 1 1 1     9       9    0
R    434    48  LYS A   48       44  ILE A   44       5.5665     1 1 0 0     0       4    0
R    435    48  LYS A   48       45  PHE A   45       5.4744     1 1 1 1   113     151    0
R    436    48  LYS A   48       46  ALA A   46       5.6182     1 1 1 1    42     139    0
R    437    48  LYS A   48       47  GLY A   47       3.8017     1 1 0 0   -16     374    0
R    438    48  LYS A   48       49  GLN A   49       3.8338     1 1 1 0   -15     388    0
R    439    48  LYS A   48       50  LEU A   50       6.1246     1 0 0 0     0       0    0
R    440    48  LYS A   48       59  TYR A   59       8.9147     1 1 1 1    70     152    0
R    441    49  GLN A   49       42  ARG A   42       6.8505     1 1 1 0  -190     241    0
R    442    49  GLN A   49       43  LEU A   43       5.7366     1 1 0 0   -39      48    0
R    443    49  GLN A   49       44  ILE A   44       4.6354     1 1 1 1    16      27    0
R    444    49  GLN A   49       47  GLY A   47       6.7462     0 1 1 1     3       4    0
R    445    49  GLN A   49       48  LYS A   48       3.8338     1 1 0 0   -12     353    0
R    446    49  GLN A   49       50  LEU A   50       3.8250     1 1 1 0   -39     412    0
R    447    49  GLN A   49       51  GLU A   51       6.5170     1 1 1 0    -2      41    0
R    448    49  GLN A   49       59  TYR A   59      10.2775     0 1 1 1    38      40    0
R    449    49  GLN A   49       72  ARG A   72      12.6561     0 1 1 1    70      70    0
R    450    50  LEU A   50       23  ILE A   23       6.8122     1 1 1 1   115     151    0
R    451    50  LEU A   50       27  LYS A   27      10.4672     0 1 1 1    27      27    0
R    452    50  LEU A   50       43  LEU A   43       5.5221     1 1 1 1    45     125    0
R    453    50  LEU A   50       44  ILE A   44       5.9578     1 0 0 0     0       0    0
R    454    50  LEU A   50       45  PHE A   45       7.1214     1 1 1 1    43      43    0
R    455    50  LEU A   50       48  LYS A   48       6.1246     1 1 0 0   -49      49    0
R    456    50  LEU A   50       49  GLN A   49       3.8250     1 1 0 0   -55     404    0
R    457    50  LEU A   50       51  GLU A   51       3.8239     1 1 1 1    12     357    0
R    458    50  LEU A   50       52  ASP A   52       6.6804     0 1 1 1    11      11    0
R    459    50  LEU A   50       59  TYR A   59       8.1894     1 1 1 1   144     144    0
R    460    50  LEU A   50       61  ILE A   61      10.8995     1 1 1 1    77      77    0
R    461    50  LEU A   50       67  LEU A   67       9.4571     1 1 1 1    27      27    0
R    462    51  GLU A   51       23  ILE A   23       6.3191     1 1 0 0   -79      79    0
R    463    51  GLU A   51       27  LYS A   27      10.5746     0 1 0 0     0       1    0
R    464    51  GLU A   51       49  GLN A   49       6.5170     1 1 0 0   -25      27    0
R    465    51  GLU A   51       50  LEU A   50       3.8239     1 1 0 0     0     343    0
R    466    51  GLU A   51       52  ASP A   52       3.8294     1 1 1 1    13     400    0
R    467    51  GLU A   51       53  GLY A   53       5.8845     1 1 1 0   -31      51    0
R    468    51  GLU A   51       54  ARG A   54       5.8915     1 1 1 1    62      79    0
R    469    51  GLU A   51       59  TYR A   59       9.9842     1 1 1 0   -21      67    0
R    470    52  ASP A   52       22  THR A   22       6.4895     1 1 0 0     0       2    0
R    471    52  ASP A   52       23  ILE A   23       4.4809     1 1 1 1    26      34    0
R    472    52  ASP A   52       24  GLU A   24       4.5434     1 1 1 1    74     250    0
R    473    52  ASP A   52       27  LYS A   27       8.3956     1 1 1 1   179     262    0
R    474    52  ASP A   52       51  GLU A   51       3.8294     1 1 1 1     4     344    0
R    475    52  ASP A   52       53  GLY A   53       3.8348     1 1 1 1     2     336    0
R    476    52  ASP A   52       54  ARG A   54       5.7187     1 0 0 0     0       0    0
R    477    53  GLY A   53       22  THR A   22       5.9269     0 1 0 0   -53      70    0
R    478    53  GLY A   53       24  GLU A   24       6.4997     0 1 0 0     0       6    0
R    479    53  GLY A   53       51  GLU A   51       5.8845     1 1 0 0   -14      19    0
R    480    53  GLY A   53       52  ASP A   52       3.8348     1 1 0 0   -31     384    0
R    481    53  GLY A   53       54  ARG A   54       3.8208     1 1 1 1    95     467    0
R    482    53  GLY A   53       55  THR A   55       6.7196     0 1 1 0    -2       6    0
R    483    54  ARG A   54       22  THR A   22       5.4208     1 1 0 0     0       9    0
R    484    54  ARG A   54       23  ILE A   23       6.0204     1 1 1 1   136     136    0
R    485    54  ARG A   54       51  GLU A   51       5.8915     1 1 1 0   -13      71    0
R    486    54  ARG A   54       52  ASP A   52       5.7187     1 0 0 0     0       0    0
R    487    54  ARG A   54       53  GLY A   53       3.8208     1 1 1 1    92     515    0
R    488    54  ARG A   54       55  THR A   55       3.8260     1 1 1 0    -1     351    0
R    489    54  ARG A   54       58  ASP A   58       6.2520     1 1 1 1    31     114    0
R    490    54  ARG A   54       59  TYR A   59       8.2019     1 1 1 0   -18     171    0
R    491    55  THR A   55       19  PRO A   19       6.5226     1 1 0 0     0      28    0
R    492    55  THR A   55       20  SER A   20       5.5431     1 1 0 0   -98     115    0
R    493    55  THR A   55       21  ASP A   21       5.2107     1 1 0 0    -2      33    0
R    494    55  THR A   55       22  THR A   22       3.9319     1 1 1 1    45      45    0
R    495    55  THR A   55       53  GLY A   53       6.7196     0 1 0 0    -6       6    0
R    496    55  THR A   55       54  ARG A   54       3.8260     1 1 0 0     0     372    0
R    497    55  THR A   55       56  LEU A   56       3.8278     1 1 1 1    23     381    0
R    498    55  THR A   55       57  SER A   57       5.3120     1 1 1 1   106     112    0
R    499    55  THR A   55       58  ASP A   58       5.3074     1 1 1 1    27     144    0
R    500    55  THR A   55       59  TYR A   59       7.3334     1 1 0 0   -31      31    0
R    501    56  LEU A   56        1  MET A    1      11.1189     1 1 1 1    13      13    0
R    502    56  LEU A   56        3  ILE A    3      10.5630     0 1 1 1     1       1    0
R    503    56  LEU A   56       17  VAL A   17       8.8988     1 1 1 1   203     203    0
R    504    56  LEU A   56       18  GLU A   18       7.6541     1 1 0 0   -41      42    0
R    505    56  LEU A   56       19  PRO A   19       4.7605     1 1 1 1     2      34    0
R    506    56  LEU A   56       21  ASP A   21       6.1193     1 1 1 0   -12      46    0
R    507    56  LEU A   56       23  ILE A   23       6.6935     1 1 1 1   116     116    0
R    508    56  LEU A   56       26  VAL A   26       8.8849     1 1 1 1    46      46    0
R    509    56  LEU A   56       55  THR A   55       3.8278     1 1 0 0     0     337    0
R    510    56  LEU A   56       57  SER A   57       3.8218     1 1 1 1     4     358    0
R    511    56  LEU A   56       58  ASP A   58       5.3856     1 0 0 0     0       0    0
R    512    56  LEU A   56       59  TYR A   59       5.5220     1 1 1 1    70      71    0
R    513    56  LEU A   56       60  ASN A   60       6.5339     1 1 1 1    42      42    0
R    514    56  LEU A   56       61  ILE A   61       5.5952     1 1 1 1   105     109    0
R    515    56  LEU A   56       67  LEU A   67      10.6812     0 1 1 1    13      13    0
R    516    57  SER A   57       19  PRO A   19       4.7381     1 1 1 1    26     141    0
R    517    57  SER A   57       20  SER A   20       6.1071     0 1 0 0     0      15    0
R    518    57  SER A   57       55  THR A   55       5.3120     1 1 1 1    81      99    0
R    519    57  SER A   57       56  LEU A   56       3.8218     1 1 0 0   -26     362    0
R    520    57  SER A   57       58  ASP A   58       3.8214     1 1 1 1    40     367    0
R    521    57  SER A   57       59  TYR A   59       5.2771     1 0 0 0     0       0    0
R    522    57  SER A   57       60  ASN A   60       4.8485     1 1 1 1    69     112    0
R    523    58  ASP A   58       54  ARG A   54       6.2520     1 1 1 1    72     194    0
R    524    58  ASP A   58       55  THR A   55       5.3074     1 1 1 1   120     189    0
R    525    58  ASP A   58       56  LEU A   56       5.3856     1 0 0 0     0       0    0
R    526    58  ASP A   58       57  SER A   57       3.8214     1 1 1 1     3     389    0
R    527    58  ASP A   58       59  TYR A   59       3.7989     1 1 1 0    -5     355    0
R    528    58  ASP A   58       60  ASN A   60       5.6828     1 1 1 0    -7      14    0
R    529    59  TYR A   59       23  ILE A   23      10.2644     1 1 1 1    14      14    0
R    530    59  TYR A   59       45  PHE A   45       8.2125     1 1 1 0   -47      51    0
R    531    59  TYR A   59       48  LYS A   48       8.9147     1 1 1 1   113     142    0
R    532    59  TYR A   59       49  GLN A   49      10.2775     0 1 1 1     8      12    0
R    533    59  TYR A   59       50  LEU A   50       8.1894     1 1 1 1   125     129    0
R    534    59  TYR A   59       51  GLU A   51       9.9842     1 1 1 1    82     214    0
R    535    59  TYR A   59       54  ARG A   54       8.2019     1 1 1 1    87     128    0
R    536    59  TYR A   59       55  THR A   55       7.3334     1 1 0 0   -43      46    0
R    537    59  TYR A   59       56  LEU A   56       5.5220     1 1 0 0   -28      28    0
R    538    59  TYR A   59       57  SER A   57       5.2771     1 0 0 0     0       0    0
R    539    59  TYR A   59       58  ASP A   58       3.7989     1 1 0 0   -21     384    0
R    540    59  TYR A   59       60  ASN A   60       3.8305     1 1 1 0   -10     386    0
R    541    59  TYR A   59       61  ILE A   61       5.5237     1 1 1 1    50      50    0
R    542    60  ASN A   60       45  PHE A   45       9.7820     0 1 1 0   -40      42    0
R    543    60  ASN A   60       56  LEU A   56       6.5339     1 0 0 0     0       0    0
R    544    60  ASN A   60       57  SER A   57       4.8485     1 1 1 1    34      69    0
R    545    60  ASN A   60       58  ASP A   58       5.6828     1 1 0 0    -8       8    0
R    546    60  ASN A   60       59  TYR A   59       3.8305     1 1 0 0   -76     391    0
R    547    60  ASN A   60       61  ILE A   61       3.8311     1 1 1 1    21     346    0
R    548    60  ASN A   60       62  GLN A   62       6.1153     1 1 1 0   -91     161    0
R    549    61  ILE A   61        1  MET A    1      10.2682     1 1 1 0   -17     115    0
R    550    61  ILE A   61        3  ILE A    3       8.7565     1 1 1 1    29      29    0
R    551    61  ILE A   61       19  PRO A   19       7.1754     0 1 0 0   -17      17    0
R    552    61  ILE A   61       45  PHE A   45       8.1288     1 1 1 1    85      85    0
R    553    61  ILE A   61       50  LEU A   50      10.8995     1 1 1 1    66      66    0
R    554    61  ILE A   61       56  LEU A   56       5.5952     1 1 1 1    97     155    0
R    555    61  ILE A   61       59  TYR A   59       5.5237     1 1 1 1    33      33    0
R    556    61  ILE A   61       60  ASN A   60       3.8311     1 1 0 0   -12     348    0
R    557    61  ILE A   61       62  GLN A   62       3.8536     1 1 1 0    -9     374    0
R    558    61  ILE A   61       65  SER A   65       6.3419     1 1 0 0     0      96    0
R    559    61  ILE A   61       67  LEU A   67       8.9727     1 1 1 1    70      70    0
R    560    62  GLN A   62        1  MET A    1       8.1000     1 1 0 0     0       8    0
R    561    62  GLN A   62       60  ASN A   60       6.1153     1 1 1 0   -40     148    0
R    562    62  GLN A   62       61  ILE A   61       3.8536     1 1 0 0   -15     380    0
R    563    62  GLN A   62       63  LYS A   63       3.8188     1 1 1 0   -89     450    0
R    564    62  GLN A   62       64  GLU A   64       6.4412     1 0 0 0     0       0    0
R    565    62  GLN A   62       65  SER A   65       5.8600     1 1 1 1   143     188    0
R    566    63  LYS A   63        1  MET A    1       5.3906     1 1 1 1   100     152    0
R    567    63  LYS A   63        2  GLN A    2       5.7883     1 0 0 0     0       0    0
R    568    63  LYS A   63       62  GLN A   62       3.8188     1 1 1 0   -91     440    0
R    569    63  LYS A   63       64  GLU A   64       3.7792     1 1 1 0   -62     502    0
R    570    63  LYS A   63       65  SER A   65       5.5535     1 1 1 1     8       8    0
R    571    64  GLU A   64        2  GLN A    2       5.5447     1 1 1 1    45     160    0
R    572    64  GLU A   64        3  ILE A    3       4.6474     1 0 0 0     0       0    0
R    573    64  GLU A   64        4  PHE A    4       6.5512     1 1 1 1    34     135    0
R    574    64  GLU A   64       62  GLN A   62       6.4412     1 0 0 0     0       0    0
R    575    64  GLU A   64       63  LYS A   63       3.7792     1 1 1 0  -156     532    0
R    576    64  GLU A   64       65  SER A   65       3.7834     1 1 1 1     9     352    0
R    577    64  GLU A   64       66  THR A   66       6.5314     0 1 1 1    21      21    0
R    578    65  SER A   65        3  ILE A    3       5.2668     1 0 0 0     0       0    0
R    579    65  SER A   65        4  PHE A    4       6.2422     1 1 1 1   131     131    0
R    580    65  SER A   65       45  PHE A   45       8.6743     1 1 0 0   -38      75    0
R    581    65  SER A   65       61  ILE A   61       6.3419     1 1 0 0    -1      90    0
R    582    65  SER A   65       62  GLN A   62       5.8600     1 1 1 1   158     205    0
R    583    65  SER A   65       63  LYS A   63       5.5535     1 1 1 1     5       8    0
R    584    65  SER A   65       64  GLU A   64       3.7834     1 1 0 0   -12     357    0
R    585    65  SER A   65       66  THR A   66       3.8298     1 1 1 1    26     354    0
R    586    66  THR A   66        4  PHE A    4       4.5150     1 1 1 0  -105     120    0
R    587    66  THR A   66        6  LYS A    6       6.7722     1 1 1 1   141     145    0
R    588    66  THR A   66       12  THR A   12       8.9869     0 1 1 1     1       3    0
R    589    66  THR A   66       45  PHE A   45       7.3796     1 1 0 0   -92      92    0
R    590    66  THR A   66       64  GLU A   64       6.5314     0 1 1 1    19      19    0
R    591    66  THR A   66       65  SER A   65       3.8298     1 1 0 0     0     362    0
R    592    66  THR A   66       67  LEU A   67       3.8240     1 1 1 0   -50     415    0
R    593    66  THR A   66       68  HIS A   68       6.6206     0 1 1 0   -29      54    0
R    594    67  LEU A   67        3  ILE A    3       7.7188     1 1 1 1   129     129    0
R    595    67  LEU A   67        4  PHE A    4       6.2781     1 1 1 1     5      15    0
R    596    67  LEU A   67        5  VAL A    5       4.8611     1 0 0 0     0       0    0
R    597    67  LEU A   67        6  LYS A    6       6.3024     1 1 1 1   127     127    0
R    598    67  LEU A   67       26  VAL A   26      10.8030     0 1 1 1     7       7    0
R    599    67  LEU A   67       43  LEU A   43       6.4393     1 1 1 1    99      99    0
R    600    67  LEU A   67       44  ILE A   44       5.6099     1 1 0 0   -15      21    0
R    601    67  LEU A   67       45  PHE A   45       5.0877     1 1 1 1    96      96    0
R    602    67  LEU A   67       50  LEU A   50       9.4571     1 1 1 1    88      88    0
R    603    67  LEU A   67       61  ILE A   61       8.9727     1 1 1 1   102     102    0
R    604    67  LEU A   67       66  THR A   66       3.8240     1 1 0 0    -3     379    0
R    605    67  LEU A   67       68  HIS A   68       3.8118     1 1 1 0     0     363    0
R    606    68  HIS A   68        6  LYS A    6       4.9748     1 1 1 1    43     200    0
R    607    68  HIS A   68        8  LEU A    8       8.0497     0 1 0 0   -28      28    0
R    608    68  HIS A   68       42  ARG A   42       8.1211     1 1 0 0    -2       2    0
R    609    68  HIS A   68       43  LEU A   43       5.7009     1 1 0 0     0       6    0
R    610    68  HIS A   68       44  ILE A   44       4.9535     1 1 1 1   169     286    0
R    611    68  HIS A   68       45  PHE A   45       6.5088     0 1 0 0     0       7    0
R    612    68  HIS A   68       46  ALA A   46       9.3134     0 1 0 0    -5       5    0
R    613    68  HIS A   68       66  THR A   66       6.6206     0 1 1 1    12      61    0
R    614    68  HIS A   68       67  LEU A   67       3.8118     1 1 0 0     0     365    0
R    615    68  HIS A   68       69  LEU A   69       3.8091     1 1 1 1    17     352    0
R    616    68  HIS A   68       70  VAL A   70       6.5076     1 1 1 1    21      21    0
R    617    69  LEU A   69        5  VAL A    5       6.4406     1 1 1 1    54      54    0
R    618    69  LEU A   69        6  LYS A    6       6.0382     1 1 1 0   -32      52    0
R    619    69  LEU A   69        7  THR A    7       5.0108     1 1 1 1    53     106    0
R    620    69  LEU A   69        8  LEU A    8       7.0665     1 1 1 1    24      24    0
R    621    69  LEU A   69       30  ILE A   30       9.9523     1 1 1 1    46      46    0
R    622    69  LEU A   69       36  ILE A   36      10.5170     1 1 1 1   170     170    0
R    623    69  LEU A   69       41  GLN A   41       6.4852     1 1 1 1   167     167    0
R    624    69  LEU A   69       42  ARG A   42       5.6683     1 1 0 0   -28      28    0
R    625    69  LEU A   69       43  LEU A   43       4.8107     1 1 1 1    24      24    0
R    626    69  LEU A   69       68  HIS A   68       3.8091     1 1 0 0     0     349    0
R    627    69  LEU A   69       70  VAL A   70       3.8112     1 1 1 1     9     358    0
R    628    69  LEU A   69       71  LEU A   71       6.5017     1 1 1 1    17      17    0
R    629    70  VAL A   70        8  LEU A    8       6.5558     1 1 1 1   125     130    0
R    630    70  VAL A   70       41  GLN A   41       6.2567     1 0 0 0     0       0    0
R    631    70  VAL A   70       42  ARG A   42       5.1075     1 1 1 0   -11     310    0
R    632    70  VAL A   70       44  ILE A   44       7.7827     1 1 1 1    65      65    0
R    633    70  VAL A   70       68  HIS A   68       6.5076     1 1 1 1     7       8    0
R    634    70  VAL A   70       69  LEU A   69       3.8112     1 1 0 0   -11     373    0
R    635    70  VAL A   70       71  LEU A   71       3.8309     1 1 1 0   -51     410    0
R    636    71  LEU A   71        8  LEU A    8       8.3239     0 1 0 0    -6       6    0
R    637    71  LEU A   71       36  ILE A   36       8.7021     1 1 1 1   165     165    0
R    638    71  LEU A   71       40  GLN A   40       5.2603     1 1 0 0   -87      87    0
R    639    71  LEU A   71       41  GLN A   41       5.0513     1 0 0 0     0       0    0
R    640    71  LEU A   71       69  LEU A   69       6.5017     1 1 1 1   101     101    0
R    641    71  LEU A   71       70  VAL A   70       3.8309     1 1 0 0   -85     429    0
R    642    71  LEU A   71       72  ARG A   72       3.7920     1 1 1 1    21     346    0
R    643    71  LEU A   71       73  LEU A   73       6.1717     1 1 1 1    80      86    0
R    644    72  ARG A   72       27  LYS A   27      13.4302     0 1 0 0   -35      35    0
R    645    72  ARG A   72       39  ASP A   39       7.9257     1 1 1 1    57     113    0
R    646    72  ARG A   72       40  GLN A   40       4.8182     1 1 1 1    17      77    0
R    647    72  ARG A   72       41  GLN A   41       6.3617     1 1 1 1   162     167    0
R    648    72  ARG A   72       42  ARG A   42       6.8859     1 1 1 0   -16      82    0
R    649    72  ARG A   72       49  GLN A   49      12.6561     0 1 1 1    65      65    0
R    650    72  ARG A   72       70  VAL A   70       6.6180     0 1 1 1     1       1    0
R    651    72  ARG A   72       71  LEU A   71       3.7920     1 1 0 0    -4     363    0
R    652    72  ARG A   72       73  LEU A   73       3.8311     1 1 1 0   -22     378    0
R    653    72  ARG A   72       74  ARG A   74       6.6359     0 1 1 1     2      11    0
R    654    73  LEU A   73       40  GLN A   40       5.6168     1 1 0 0  -161     166    0
R    655    73  LEU A   73       71  LEU A   71       6.1717     1 1 1 1    99     101    0
R    656    73  LEU A   73       72  ARG A   72       3.8311     1 1 0 0   -32     394    0
R    657    73  LEU A   73       74  ARG A   74       3.7911     1 1 1 1     9     353    0
R    658    73  LEU A   73       75  GLY A   75       6.0209     1 1 1 0   -36     100    0
R    659    73  LEU A   73       76  GLY A   76       7.7929     0 1 1 1     1       1    0
R    660    74  ARG A   74       39  ASP A   39       8.9005     0 1 1 1    84     166    0
R    661    74  ARG A   74       40  GLN A   40       7.5697     0 1 0 0    -4       5    0
R    662    74  ARG A   74       72  ARG A   72       6.6359     0 1 1 1    11      11    0
R    663    74  ARG A   74       73  LEU A   73       3.7911     1 1 0 0   -10     350    0
R    664    74  ARG A   74       75  GLY A   75       3.7968     1 1 1 1     7     352    0
R    665    75  GLY A   75       73  LEU A   73       6.0209     1 1 1 0   -68     116    0
R    666    75  GLY A   75       74  ARG A   74       3.7968     1 1 0 0   -17     397    0
R    667    75  GLY A   75       76  GLY A   76       3.7943     1 1 1 1    23     349    0
R    668    76  GLY A   76       73  LEU A   73       7.7929     0 1 1 1     2       2    0
R    669    76  GLY A   76       75  GLY A   75       3.7943     1 1 0 0    -2     374    0
